/home/nathan/ros_ws/src/ros_tank_py/install/ros_tank_py/lib/python3.12/site-packages/ros_tank_py/kinematics_node.py
/home/nathan/ros_ws/src/ros_tank_py/install/ros_tank_py/lib/python3.12/site-packages/ros_tank_py/path_follow_node.py
/home/nathan/ros_ws/src/ros_tank_py/install/ros_tank_py/lib/python3.12/site-packages/ros_tank_py/keyboard_node.py
/home/nathan/ros_ws/src/ros_tank_py/install/ros_tank_py/lib/python3.12/site-packages/ros_tank_py/ekf_node.py
/home/nathan/ros_ws/src/ros_tank_py/install/ros_tank_py/lib/python3.12/site-packages/ros_tank_py/vx_tgt_node.py
/home/nathan/ros_ws/src/ros_tank_py/install/ros_tank_py/lib/python3.12/site-packages/ros_tank_py/ekf_node_gravcomp.py
/home/nathan/ros_ws/src/ros_tank_py/install/ros_tank_py/lib/python3.12/site-packages/ros_tank_py/__init__.py
/home/nathan/ros_ws/src/ros_tank_py/install/ros_tank_py/lib/python3.12/site-packages/ros_tank_py/h_bridge_node.py
/home/nathan/ros_ws/src/ros_tank_py/install/ros_tank_py/lib/python3.12/site-packages/ros_tank_py/bias_calc_node.py
/home/nathan/ros_ws/src/ros_tank_py/install/ros_tank_py/lib/python3.12/site-packages/ros_tank_py/serial_node.py
/home/nathan/ros_ws/src/ros_tank_py/install/ros_tank_py/lib/python3.12/site-packages/ros_tank_py/twist_node.py
/home/nathan/ros_ws/src/ros_tank_py/install/ros_tank_py/lib/python3.12/site-packages/ros_tank_py/motor_control_node.py
/home/nathan/ros_ws/src/ros_tank_py/install/ros_tank_py/lib/python3.12/site-packages/ros_tank_py/imu_node.py
/home/nathan/ros_ws/src/ros_tank_py/install/ros_tank_py/lib/python3.12/site-packages/ros_tank_py/path_publish_node_v2.py
/home/nathan/ros_ws/src/ros_tank_py/install/ros_tank_py/lib/python3.12/site-packages/ros_tank_py/encoder_node.py
/home/nathan/ros_ws/src/ros_tank_py/install/ros_tank_py/lib/python3.12/site-packages/ros_tank_py/interpolate_node.py
/home/nathan/ros_ws/src/ros_tank_py/install/ros_tank_py/lib/python3.12/site-packages/ros_tank_py/yaw_pid_node.py
/home/nathan/ros_ws/src/ros_tank_py/install/ros_tank_py/lib/python3.12/site-packages/ros_tank_py/__pycache__/kinematics_node.cpython-312.pyc
/home/nathan/ros_ws/src/ros_tank_py/install/ros_tank_py/lib/python3.12/site-packages/ros_tank_py/__pycache__/path_follow_node.cpython-312.pyc
/home/nathan/ros_ws/src/ros_tank_py/install/ros_tank_py/lib/python3.12/site-packages/ros_tank_py/__pycache__/keyboard_node.cpython-312.pyc
/home/nathan/ros_ws/src/ros_tank_py/install/ros_tank_py/lib/python3.12/site-packages/ros_tank_py/__pycache__/ekf_node.cpython-312.pyc
/home/nathan/ros_ws/src/ros_tank_py/install/ros_tank_py/lib/python3.12/site-packages/ros_tank_py/__pycache__/vx_tgt_node.cpython-312.pyc
/home/nathan/ros_ws/src/ros_tank_py/install/ros_tank_py/lib/python3.12/site-packages/ros_tank_py/__pycache__/ekf_node_gravcomp.cpython-312.pyc
/home/nathan/ros_ws/src/ros_tank_py/install/ros_tank_py/lib/python3.12/site-packages/ros_tank_py/__pycache__/__init__.cpython-312.pyc
/home/nathan/ros_ws/src/ros_tank_py/install/ros_tank_py/lib/python3.12/site-packages/ros_tank_py/__pycache__/h_bridge_node.cpython-312.pyc
/home/nathan/ros_ws/src/ros_tank_py/install/ros_tank_py/lib/python3.12/site-packages/ros_tank_py/__pycache__/bias_calc_node.cpython-312.pyc
/home/nathan/ros_ws/src/ros_tank_py/install/ros_tank_py/lib/python3.12/site-packages/ros_tank_py/__pycache__/serial_node.cpython-312.pyc
/home/nathan/ros_ws/src/ros_tank_py/install/ros_tank_py/lib/python3.12/site-packages/ros_tank_py/__pycache__/twist_node.cpython-312.pyc
/home/nathan/ros_ws/src/ros_tank_py/install/ros_tank_py/lib/python3.12/site-packages/ros_tank_py/__pycache__/motor_control_node.cpython-312.pyc
/home/nathan/ros_ws/src/ros_tank_py/install/ros_tank_py/lib/python3.12/site-packages/ros_tank_py/__pycache__/imu_node.cpython-312.pyc
/home/nathan/ros_ws/src/ros_tank_py/install/ros_tank_py/lib/python3.12/site-packages/ros_tank_py/__pycache__/path_publish_node_v2.cpython-312.pyc
/home/nathan/ros_ws/src/ros_tank_py/install/ros_tank_py/lib/python3.12/site-packages/ros_tank_py/__pycache__/encoder_node.cpython-312.pyc
/home/nathan/ros_ws/src/ros_tank_py/install/ros_tank_py/lib/python3.12/site-packages/ros_tank_py/__pycache__/interpolate_node.cpython-312.pyc
/home/nathan/ros_ws/src/ros_tank_py/install/ros_tank_py/lib/python3.12/site-packages/ros_tank_py/__pycache__/yaw_pid_node.cpython-312.pyc
/home/nathan/ros_ws/src/ros_tank_py/install/ros_tank_py/share/ament_index/resource_index/packages/ros_tank_py
/home/nathan/ros_ws/src/ros_tank_py/install/ros_tank_py/share/ros_tank_py/package.xml
/home/nathan/ros_ws/src/ros_tank_py/install/ros_tank_py/share/ros_tank_py/launch/path_launch.py
/home/nathan/ros_ws/src/ros_tank_py/install/ros_tank_py/share/ros_tank_py/launch/path1_launch.py
/home/nathan/ros_ws/src/ros_tank_py/install/ros_tank_py/share/ros_tank_py/launch/debug_launch.py
/home/nathan/ros_ws/src/ros_tank_py/install/ros_tank_py/share/ros_tank_py/launch/move_launch.py
/home/nathan/ros_ws/src/ros_tank_py/install/ros_tank_py/share/ros_tank_py/launch/localize_test.py
/home/nathan/ros_ws/src/ros_tank_py/install/ros_tank_py/share/ros_tank_py/config/params.yaml
/home/nathan/ros_ws/src/ros_tank_py/install/ros_tank_py/share/ros_tank_py/config/path2.yaml
/home/nathan/ros_ws/src/ros_tank_py/install/ros_tank_py/share/ros_tank_py/config/path1.yaml
/home/nathan/ros_ws/src/ros_tank_py/install/ros_tank_py/share/ros_tank_py/config/square.yaml
/home/nathan/ros_ws/src/ros_tank_py/install/ros_tank_py/share/ros_tank_py/config/paths.yaml
/home/nathan/ros_ws/src/ros_tank_py/install/ros_tank_py/lib/python3.12/site-packages/ros_tank_py-0.0.0-py3.12.egg-info/SOURCES.txt
/home/nathan/ros_ws/src/ros_tank_py/install/ros_tank_py/lib/python3.12/site-packages/ros_tank_py-0.0.0-py3.12.egg-info/dependency_links.txt
/home/nathan/ros_ws/src/ros_tank_py/install/ros_tank_py/lib/python3.12/site-packages/ros_tank_py-0.0.0-py3.12.egg-info/entry_points.txt
/home/nathan/ros_ws/src/ros_tank_py/install/ros_tank_py/lib/python3.12/site-packages/ros_tank_py-0.0.0-py3.12.egg-info/PKG-INFO
/home/nathan/ros_ws/src/ros_tank_py/install/ros_tank_py/lib/python3.12/site-packages/ros_tank_py-0.0.0-py3.12.egg-info/requires.txt
/home/nathan/ros_ws/src/ros_tank_py/install/ros_tank_py/lib/python3.12/site-packages/ros_tank_py-0.0.0-py3.12.egg-info/zip-safe
/home/nathan/ros_ws/src/ros_tank_py/install/ros_tank_py/lib/python3.12/site-packages/ros_tank_py-0.0.0-py3.12.egg-info/top_level.txt
/home/nathan/ros_ws/src/ros_tank_py/install/ros_tank_py/lib/ros_tank_py/bias_listener
/home/nathan/ros_ws/src/ros_tank_py/install/ros_tank_py/lib/ros_tank_py/ekf_talker
/home/nathan/ros_ws/src/ros_tank_py/install/ros_tank_py/lib/ros_tank_py/encoder_talker
/home/nathan/ros_ws/src/ros_tank_py/install/ros_tank_py/lib/ros_tank_py/h_bridge_listener
/home/nathan/ros_ws/src/ros_tank_py/install/ros_tank_py/lib/ros_tank_py/imu_listener
/home/nathan/ros_ws/src/ros_tank_py/install/ros_tank_py/lib/ros_tank_py/interpolate
/home/nathan/ros_ws/src/ros_tank_py/install/ros_tank_py/lib/ros_tank_py/keyboard_talker
/home/nathan/ros_ws/src/ros_tank_py/install/ros_tank_py/lib/ros_tank_py/kinematics_listener
/home/nathan/ros_ws/src/ros_tank_py/install/ros_tank_py/lib/ros_tank_py/motor_listener
/home/nathan/ros_ws/src/ros_tank_py/install/ros_tank_py/lib/ros_tank_py/path_follow
/home/nathan/ros_ws/src/ros_tank_py/install/ros_tank_py/lib/ros_tank_py/path_publisher
/home/nathan/ros_ws/src/ros_tank_py/install/ros_tank_py/lib/ros_tank_py/twist_talker
/home/nathan/ros_ws/src/ros_tank_py/install/ros_tank_py/lib/ros_tank_py/yaw_pid
